000 (156980.001.000) 10/26 14:30:56 Job submitted from host: <193.109.174.82:9618?addrs=193.109.174.82-9618&noUDP&sock=2085880_c32d_3>
...
001 (156980.001.000) 10/26 14:31:06 Job executing on host: <192.168.100.51:33588?addrs=192.168.100.51-33588+[2001-67c-1148-301--249]-33588>
...
006 (156980.001.000) 10/26 14:31:15 Image size of job updated: 60092
	42  -  MemoryUsage of job (MB)
	42836  -  ResidentSetSize of job (KB)
...
006 (156980.001.000) 10/26 14:36:16 Image size of job updated: 1449312
	1354  -  MemoryUsage of job (MB)
	1385876  -  ResidentSetSize of job (KB)
...
006 (156980.001.000) 10/26 14:41:17 Image size of job updated: 1460644
	1365  -  MemoryUsage of job (MB)
	1397208  -  ResidentSetSize of job (KB)
...
006 (156980.001.000) 10/26 14:46:17 Image size of job updated: 1483176
	1387  -  MemoryUsage of job (MB)
	1419740  -  ResidentSetSize of job (KB)
...
006 (156980.001.000) 10/26 14:51:17 Image size of job updated: 1490068
	1394  -  MemoryUsage of job (MB)
	1426632  -  ResidentSetSize of job (KB)
...
006 (156980.001.000) 10/26 14:56:18 Image size of job updated: 1512852
	1416  -  MemoryUsage of job (MB)
	1449416  -  ResidentSetSize of job (KB)
...
006 (156980.001.000) 10/26 15:01:18 Image size of job updated: 1516364
	1419  -  MemoryUsage of job (MB)
	1452928  -  ResidentSetSize of job (KB)
...
006 (156980.001.000) 10/26 15:06:18 Image size of job updated: 1519772
	1423  -  MemoryUsage of job (MB)
	1456336  -  ResidentSetSize of job (KB)
...
006 (156980.001.000) 10/26 15:10:28 Image size of job updated: 1787408
	1423  -  MemoryUsage of job (MB)
	1456336  -  ResidentSetSize of job (KB)
...
005 (156980.001.000) 10/26 15:10:28 Job terminated.
	(1) Normal termination (return value 0)
		Usr 0 00:45:45, Sys 0 00:01:31  -  Run Remote Usage
		Usr 0 00:00:00, Sys 0 00:00:00  -  Run Local Usage
		Usr 0 00:45:45, Sys 0 00:01:31  -  Total Remote Usage
		Usr 0 00:00:00, Sys 0 00:00:00  -  Total Local Usage
	11101  -  Run Bytes Sent By Job
	578  -  Run Bytes Received By Job
	11101  -  Total Bytes Sent By Job
	578  -  Total Bytes Received By Job
	Partitionable Resources :    Usage  Request Allocated 
	   Cpus                 :     1.20        1         1 
	   Disk (KB)            :    29    15728640  21434799 
	   Memory (MB)          :  1423        2048      2048 
...
