000 (156981.011.000) 10/26 15:31:26 Job submitted from host: <193.109.174.82:9618?addrs=193.109.174.82-9618&noUDP&sock=2085880_c32d_3>
...
001 (156981.011.000) 10/26 15:34:21 Job executing on host: <192.168.100.68:40203?addrs=192.168.100.68-40203+[2001-67c-1148-301--266]-40203>
...
006 (156981.011.000) 10/26 15:34:30 Image size of job updated: 62716
	44  -  MemoryUsage of job (MB)
	44980  -  ResidentSetSize of job (KB)
...
006 (156981.011.000) 10/26 15:37:59 Image size of job updated: 1444956
	44  -  MemoryUsage of job (MB)
	44980  -  ResidentSetSize of job (KB)
...
005 (156981.011.000) 10/26 15:38:00 Job terminated.
	(1) Normal termination (return value 0)
		Usr 0 00:03:54, Sys 0 00:00:11  -  Run Remote Usage
		Usr 0 00:00:00, Sys 0 00:00:00  -  Run Local Usage
		Usr 0 00:03:54, Sys 0 00:00:11  -  Total Remote Usage
		Usr 0 00:00:00, Sys 0 00:00:00  -  Total Local Usage
	6725  -  Run Bytes Sent By Job
	578  -  Run Bytes Received By Job
	6725  -  Total Bytes Sent By Job
	578  -  Total Bytes Received By Job
	Partitionable Resources :    Usage  Request Allocated 
	   Cpus                 :     1.33        1         1 
	   Disk (KB)            :    25    15728640  21453348 
	   Memory (MB)          :    44        2048      2048 
...
