000 (156981.010.000) 10/26 15:31:26 Job submitted from host: <193.109.174.82:9618?addrs=193.109.174.82-9618&noUDP&sock=2085880_c32d_3>
...
001 (156981.010.000) 10/26 15:33:31 Job executing on host: <192.168.101.162:9618?addrs=192.168.101.162-9618&noUDP&sock=6338_eb57_3>
...
006 (156981.010.000) 10/26 15:33:40 Image size of job updated: 61660
	51  -  MemoryUsage of job (MB)
	51552  -  ResidentSetSize of job (KB)
...
006 (156981.010.000) 10/26 15:38:41 Image size of job updated: 1401164
	1342  -  MemoryUsage of job (MB)
	1373712  -  ResidentSetSize of job (KB)
...
006 (156981.010.000) 10/26 15:43:41 Image size of job updated: 1403828
	1345  -  MemoryUsage of job (MB)
	1376376  -  ResidentSetSize of job (KB)
...
005 (156981.010.000) 10/26 15:46:31 Job terminated.
	(1) Normal termination (return value 0)
		Usr 0 00:13:12, Sys 0 00:00:22  -  Run Remote Usage
		Usr 0 00:00:00, Sys 0 00:00:00  -  Run Local Usage
		Usr 0 00:13:12, Sys 0 00:00:22  -  Total Remote Usage
		Usr 0 00:00:00, Sys 0 00:00:00  -  Total Local Usage
	8922  -  Run Bytes Sent By Job
	578  -  Run Bytes Received By Job
	8922  -  Total Bytes Sent By Job
	578  -  Total Bytes Received By Job
	Partitionable Resources :    Usage  Request Allocated 
	   Cpus                 :     1.04        1         1 
	   Disk (KB)            :    26    15728640  16593180 
	   Memory (MB)          :  1345        2048      2048 
...
