000 (156980.011.000) 10/26 14:30:56 Job submitted from host: <193.109.174.82:9618?addrs=193.109.174.82-9618&noUDP&sock=2085880_c32d_3>
...
001 (156980.011.000) 10/26 14:31:55 Job executing on host: <192.168.100.69:42029?addrs=192.168.100.69-42029+[2001-67c-1148-301--267]-42029>
...
006 (156980.011.000) 10/26 14:32:03 Image size of job updated: 32368
	20  -  MemoryUsage of job (MB)
	20008  -  ResidentSetSize of job (KB)
...
006 (156980.011.000) 10/26 14:36:50 Image size of job updated: 1444420
	20  -  MemoryUsage of job (MB)
	20008  -  ResidentSetSize of job (KB)
...
005 (156980.011.000) 10/26 14:36:50 Job terminated.
	(1) Normal termination (return value 0)
		Usr 0 00:05:08, Sys 0 00:00:12  -  Run Remote Usage
		Usr 0 00:00:00, Sys 0 00:00:00  -  Run Local Usage
		Usr 0 00:05:08, Sys 0 00:00:12  -  Total Remote Usage
		Usr 0 00:00:00, Sys 0 00:00:00  -  Total Local Usage
	6983  -  Run Bytes Sent By Job
	578  -  Run Bytes Received By Job
	6983  -  Total Bytes Sent By Job
	578  -  Total Bytes Received By Job
	Partitionable Resources :    Usage  Request Allocated 
	   Cpus                 :     1.26        1         1 
	   Disk (KB)            :    25    15728640  21434431 
	   Memory (MB)          :    20        2048      2048 
...
