000 (156981.000.000) 10/26 15:31:26 Job submitted from host: <193.109.174.82:9618?addrs=193.109.174.82-9618&noUDP&sock=2085880_c32d_3>
...
001 (156981.000.000) 10/26 15:31:53 Job executing on host: <192.168.100.7:9618?addrs=192.168.100.7-9618+[2001-67c-1148-301--205]-9618&noUDP&sock=2092_8437_3>
...
006 (156981.000.000) 10/26 15:32:01 Image size of job updated: 55668
	39  -  MemoryUsage of job (MB)
	39124  -  ResidentSetSize of job (KB)
...
006 (156981.000.000) 10/26 15:37:01 Image size of job updated: 1448220
	1353  -  MemoryUsage of job (MB)
	1384820  -  ResidentSetSize of job (KB)
...
006 (156981.000.000) 10/26 15:42:02 Image size of job updated: 1456800
	1361  -  MemoryUsage of job (MB)
	1393400  -  ResidentSetSize of job (KB)
...
006 (156981.000.000) 10/26 15:47:03 Image size of job updated: 1478968
	1383  -  MemoryUsage of job (MB)
	1415568  -  ResidentSetSize of job (KB)
...
006 (156981.000.000) 10/26 15:52:03 Image size of job updated: 1486084
	1390  -  MemoryUsage of job (MB)
	1422684  -  ResidentSetSize of job (KB)
...
006 (156981.000.000) 10/26 15:57:03 Image size of job updated: 1508580
	1412  -  MemoryUsage of job (MB)
	1445180  -  ResidentSetSize of job (KB)
...
006 (156981.000.000) 10/26 16:02:04 Image size of job updated: 1511916
	1415  -  MemoryUsage of job (MB)
	1448516  -  ResidentSetSize of job (KB)
...
006 (156981.000.000) 10/26 16:07:04 Image size of job updated: 1515216
	1418  -  MemoryUsage of job (MB)
	1451816  -  ResidentSetSize of job (KB)
...
006 (156981.000.000) 10/26 16:12:04 Image size of job updated: 1518532
	1422  -  MemoryUsage of job (MB)
	1455132  -  ResidentSetSize of job (KB)
...
006 (156981.000.000) 10/26 16:17:05 Image size of job updated: 1538732
	1441  -  MemoryUsage of job (MB)
	1475332  -  ResidentSetSize of job (KB)
...
006 (156981.000.000) 10/26 16:21:31 Image size of job updated: 1859944
	1441  -  MemoryUsage of job (MB)
	1475332  -  ResidentSetSize of job (KB)
...
005 (156981.000.000) 10/26 16:21:31 Job terminated.
	(1) Normal termination (return value 0)
		Usr 0 00:56:05, Sys 0 00:02:49  -  Run Remote Usage
		Usr 0 00:00:00, Sys 0 00:00:00  -  Run Local Usage
		Usr 0 00:56:05, Sys 0 00:02:49  -  Total Remote Usage
		Usr 0 00:00:00, Sys 0 00:00:00  -  Total Local Usage
	10779  -  Run Bytes Sent By Job
	578  -  Run Bytes Received By Job
	10779  -  Total Bytes Sent By Job
	578  -  Total Bytes Received By Job
	Partitionable Resources :    Usage  Request Allocated 
	   Cpus                 :     1.22        1         1 
	   Disk (KB)            :    29    15728640  16145611 
	   Memory (MB)          :  1441        2048      2048 
...
