000 (156981.008.000) 10/26 15:31:26 Job submitted from host: <193.109.174.82:9618?addrs=193.109.174.82-9618&noUDP&sock=2085880_c32d_3>
...
001 (156981.008.000) 10/26 15:33:07 Job executing on host: <192.168.101.40:9618?addrs=192.168.101.40-9618&noUDP&sock=15357_3400_5>
...
006 (156981.008.000) 10/26 15:33:16 Image size of job updated: 71392
	51  -  MemoryUsage of job (MB)
	52200  -  ResidentSetSize of job (KB)
...
006 (156981.008.000) 10/26 15:38:17 Image size of job updated: 1435828
	1341  -  MemoryUsage of job (MB)
	1372616  -  ResidentSetSize of job (KB)
...
006 (156981.008.000) 10/26 15:43:18 Image size of job updated: 1447032
	1352  -  MemoryUsage of job (MB)
	1383820  -  ResidentSetSize of job (KB)
...
006 (156981.008.000) 10/26 15:46:50 Image size of job updated: 1723080
	1352  -  MemoryUsage of job (MB)
	1383820  -  ResidentSetSize of job (KB)
...
005 (156981.008.000) 10/26 15:46:50 Job terminated.
	(1) Normal termination (return value 0)
		Usr 0 00:19:38, Sys 0 00:00:32  -  Run Remote Usage
		Usr 0 00:00:00, Sys 0 00:00:00  -  Run Local Usage
		Usr 0 00:19:38, Sys 0 00:00:32  -  Total Remote Usage
		Usr 0 00:00:00, Sys 0 00:00:00  -  Total Local Usage
	10171  -  Run Bytes Sent By Job
	578  -  Run Bytes Received By Job
	10171  -  Total Bytes Sent By Job
	578  -  Total Bytes Received By Job
	Partitionable Resources :    Usage  Request Allocated 
	   Cpus                 :     1.57        1         1 
	   Disk (KB)            :    28    15728640  16466765 
	   Memory (MB)          :  1352        2048      2048 
...
