000 (156980.008.000) 10/26 14:30:56 Job submitted from host: <193.109.174.82:9618?addrs=193.109.174.82-9618&noUDP&sock=2085880_c32d_3>
...
001 (156980.008.000) 10/26 14:31:30 Job executing on host: <192.168.100.36:9618?addrs=192.168.100.36-9618+[2001-67c-1148-301--234]-9618&noUDP&sock=2265_2e19_3>
...
006 (156980.008.000) 10/26 14:31:39 Image size of job updated: 41208
	26  -  MemoryUsage of job (MB)
	25952  -  ResidentSetSize of job (KB)
...
006 (156980.008.000) 10/26 14:36:40 Image size of job updated: 1446936
	1352  -  MemoryUsage of job (MB)
	1383520  -  ResidentSetSize of job (KB)
...
006 (156980.008.000) 10/26 14:41:40 Image size of job updated: 1457732
	1362  -  MemoryUsage of job (MB)
	1394316  -  ResidentSetSize of job (KB)
...
006 (156980.008.000) 10/26 14:46:08 Image size of job updated: 1468396
	1362  -  MemoryUsage of job (MB)
	1394316  -  ResidentSetSize of job (KB)
...
005 (156980.008.000) 10/26 14:46:08 Job terminated.
	(1) Normal termination (return value 0)
		Usr 0 00:17:22, Sys 0 00:00:31  -  Run Remote Usage
		Usr 0 00:00:00, Sys 0 00:00:00  -  Run Local Usage
		Usr 0 00:17:22, Sys 0 00:00:31  -  Total Remote Usage
		Usr 0 00:00:00, Sys 0 00:00:00  -  Total Local Usage
	10289  -  Run Bytes Sent By Job
	578  -  Run Bytes Received By Job
	10289  -  Total Bytes Sent By Job
	578  -  Total Bytes Received By Job
	Partitionable Resources :    Usage  Request Allocated 
	   Cpus                 :     1.32        1         1 
	   Disk (KB)            :    28    15728640  15909348 
	   Memory (MB)          :  1362        2048      2048 
...
