000 (156980.010.000) 10/26 14:30:56 Job submitted from host: <193.109.174.82:9618?addrs=193.109.174.82-9618&noUDP&sock=2085880_c32d_3>
...
001 (156980.010.000) 10/26 14:31:30 Job executing on host: <192.168.101.48:9618?addrs=192.168.101.48-9618+[2001-67c-1148-301--522]-9618&noUDP&sock=6067_092d_3>
...
006 (156980.010.000) 10/26 14:31:39 Image size of job updated: 32128
	20  -  MemoryUsage of job (MB)
	19972  -  ResidentSetSize of job (KB)
...
006 (156980.010.000) 10/26 14:36:40 Image size of job updated: 1439400
	1344  -  MemoryUsage of job (MB)
	1376168  -  ResidentSetSize of job (KB)
...
006 (156980.010.000) 10/26 14:36:59 Image size of job updated: 1439544
	1344  -  MemoryUsage of job (MB)
	1376168  -  ResidentSetSize of job (KB)
...
005 (156980.010.000) 10/26 14:36:59 Job terminated.
	(1) Normal termination (return value 0)
		Usr 0 00:06:20, Sys 0 00:00:12  -  Run Remote Usage
		Usr 0 00:00:00, Sys 0 00:00:00  -  Run Local Usage
		Usr 0 00:06:20, Sys 0 00:00:12  -  Total Remote Usage
		Usr 0 00:00:00, Sys 0 00:00:00  -  Total Local Usage
	7227  -  Run Bytes Sent By Job
	578  -  Run Bytes Received By Job
	7227  -  Total Bytes Sent By Job
	578  -  Total Bytes Received By Job
	Partitionable Resources :    Usage  Request Allocated 
	   Cpus                 :     1.42        1         1 
	   Disk (KB)            :    26    15728640  16198508 
	   Memory (MB)          :  1344        2048      2048 
...
