000 (156981.001.000) 10/26 15:31:26 Job submitted from host: <193.109.174.82:9618?addrs=193.109.174.82-9618&noUDP&sock=2085880_c32d_3>
...
001 (156981.001.000) 10/26 15:31:53 Job executing on host: <192.168.100.134:9618?addrs=192.168.100.134-9618+[2001-67c-1148-301--50]-9618&noUDP&sock=2142_cff3_3>
...
006 (156981.001.000) 10/26 15:32:01 Image size of job updated: 55564
	39  -  MemoryUsage of job (MB)
	39200  -  ResidentSetSize of job (KB)
...
006 (156981.001.000) 10/26 15:37:01 Image size of job updated: 1456272
	1361  -  MemoryUsage of job (MB)
	1393032  -  ResidentSetSize of job (KB)
...
006 (156981.001.000) 10/26 15:42:02 Image size of job updated: 1459664
	1364  -  MemoryUsage of job (MB)
	1396424  -  ResidentSetSize of job (KB)
...
006 (156981.001.000) 10/26 15:47:03 Image size of job updated: 1466364
	1371  -  MemoryUsage of job (MB)
	1403124  -  ResidentSetSize of job (KB)
...
006 (156981.001.000) 10/26 15:52:03 Image size of job updated: 1486560
	1390  -  MemoryUsage of job (MB)
	1423320  -  ResidentSetSize of job (KB)
...
006 (156981.001.000) 10/26 15:57:03 Image size of job updated: 1492304
	1396  -  MemoryUsage of job (MB)
	1429064  -  ResidentSetSize of job (KB)
...
006 (156981.001.000) 10/26 16:02:04 Image size of job updated: 1498824
	1402  -  MemoryUsage of job (MB)
	1435584  -  ResidentSetSize of job (KB)
...
006 (156981.001.000) 10/26 16:07:04 Image size of job updated: 1519828
	1423  -  MemoryUsage of job (MB)
	1456588  -  ResidentSetSize of job (KB)
...
006 (156981.001.000) 10/26 16:12:04 Image size of job updated: 1523040
	1426  -  MemoryUsage of job (MB)
	1459612  -  ResidentSetSize of job (KB)
...
006 (156981.001.000) 10/26 16:16:37 Image size of job updated: 1783136
	1426  -  MemoryUsage of job (MB)
	1459612  -  ResidentSetSize of job (KB)
...
005 (156981.001.000) 10/26 16:16:37 Job terminated.
	(1) Normal termination (return value 0)
		Usr 0 00:51:11, Sys 0 00:01:52  -  Run Remote Usage
		Usr 0 00:00:00, Sys 0 00:00:00  -  Run Local Usage
		Usr 0 00:51:11, Sys 0 00:01:52  -  Total Remote Usage
		Usr 0 00:00:00, Sys 0 00:00:00  -  Total Local Usage
	11324  -  Run Bytes Sent By Job
	578  -  Run Bytes Received By Job
	11324  -  Total Bytes Sent By Job
	578  -  Total Bytes Received By Job
	Partitionable Resources :    Usage  Request Allocated 
	   Cpus                 :     1.28        1         1 
	   Disk (KB)            :    29    15728640  16953770 
	   Memory (MB)          :  1426        2048      2048 
...
