000 (156980.003.000) 10/26 14:30:56 Job submitted from host: <193.109.174.82:9618?addrs=193.109.174.82-9618&noUDP&sock=2085880_c32d_3>
...
001 (156980.003.000) 10/26 14:31:06 Job executing on host: <192.168.100.215:9618?addrs=192.168.100.215-9618+[2001-67c-1148-301--115]-9618&noUDP&sock=2144_2f24_3>
...
006 (156980.003.000) 10/26 14:31:15 Image size of job updated: 62812
	45  -  MemoryUsage of job (MB)
	45076  -  ResidentSetSize of job (KB)
...
006 (156980.003.000) 10/26 14:36:16 Image size of job updated: 1436176
	1341  -  MemoryUsage of job (MB)
	1372756  -  ResidentSetSize of job (KB)
...
006 (156980.003.000) 10/26 14:41:17 Image size of job updated: 1446760
	1351  -  MemoryUsage of job (MB)
	1383340  -  ResidentSetSize of job (KB)
...
006 (156980.003.000) 10/26 14:43:28 Image size of job updated: 1720584
	1351  -  MemoryUsage of job (MB)
	1383340  -  ResidentSetSize of job (KB)
...
005 (156980.003.000) 10/26 14:43:28 Job terminated.
	(1) Normal termination (return value 0)
		Usr 0 00:14:45, Sys 0 00:00:34  -  Run Remote Usage
		Usr 0 00:00:00, Sys 0 00:00:00  -  Run Local Usage
		Usr 0 00:14:45, Sys 0 00:00:34  -  Total Remote Usage
		Usr 0 00:00:00, Sys 0 00:00:00  -  Total Local Usage
	6623  -  Run Bytes Sent By Job
	578  -  Run Bytes Received By Job
	6623  -  Total Bytes Sent By Job
	578  -  Total Bytes Received By Job
	Partitionable Resources :    Usage  Request Allocated 
	   Cpus                 :     1.36        1         1 
	   Disk (KB)            :    25    15728640  17111085 
	   Memory (MB)          :  1351        2048      2048 
...
