000 (156980.007.000) 10/26 14:30:56 Job submitted from host: <193.109.174.82:9618?addrs=193.109.174.82-9618&noUDP&sock=2085880_c32d_3>
...
001 (156980.007.000) 10/26 14:31:30 Job executing on host: <192.168.100.79:39807?addrs=192.168.100.79-39807+[2001-67c-1148-301--277]-39807>
...
006 (156980.007.000) 10/26 14:31:39 Image size of job updated: 43384
	28  -  MemoryUsage of job (MB)
	27960  -  ResidentSetSize of job (KB)
...
006 (156980.007.000) 10/26 14:36:40 Image size of job updated: 1457236
	1362  -  MemoryUsage of job (MB)
	1393824  -  ResidentSetSize of job (KB)
...
006 (156980.007.000) 10/26 14:41:40 Image size of job updated: 1466212
	1370  -  MemoryUsage of job (MB)
	1402800  -  ResidentSetSize of job (KB)
...
006 (156980.007.000) 10/26 14:44:00 Image size of job updated: 1725904
	1370  -  MemoryUsage of job (MB)
	1402800  -  ResidentSetSize of job (KB)
...
005 (156980.007.000) 10/26 14:44:00 Job terminated.
	(1) Normal termination (return value 0)
		Usr 0 00:15:58, Sys 0 00:00:38  -  Run Remote Usage
		Usr 0 00:00:00, Sys 0 00:00:00  -  Run Local Usage
		Usr 0 00:15:58, Sys 0 00:00:38  -  Total Remote Usage
		Usr 0 00:00:00, Sys 0 00:00:00  -  Total Local Usage
	10012  -  Run Bytes Sent By Job
	578  -  Run Bytes Received By Job
	10012  -  Total Bytes Sent By Job
	578  -  Total Bytes Received By Job
	Partitionable Resources :    Usage  Request Allocated 
	   Cpus                 :     1.49        1         1 
	   Disk (KB)            :    28    15728640  21438462 
	   Memory (MB)          :  1370        2048      2048 
...
