000 (156981.013.000) 10/26 15:31:26 Job submitted from host: <193.109.174.82:9618?addrs=193.109.174.82-9618&noUDP&sock=2085880_c32d_3>
...
001 (156981.013.000) 10/26 15:34:20 Job executing on host: <192.168.100.219:9618?addrs=192.168.100.219-9618+[2001-67c-1148-301--119]-9618&noUDP&sock=2181_9025_3>
...
006 (156981.013.000) 10/26 15:34:29 Image size of job updated: 71516
	51  -  MemoryUsage of job (MB)
	52140  -  ResidentSetSize of job (KB)
...
006 (156981.013.000) 10/26 15:39:30 Image size of job updated: 1439336
	1344  -  MemoryUsage of job (MB)
	1375920  -  ResidentSetSize of job (KB)
...
006 (156981.013.000) 10/26 15:41:42 Image size of job updated: 1710960
	1344  -  MemoryUsage of job (MB)
	1375920  -  ResidentSetSize of job (KB)
...
005 (156981.013.000) 10/26 15:41:42 Job terminated.
	(1) Normal termination (return value 0)
		Usr 0 00:07:38, Sys 0 00:00:12  -  Run Remote Usage
		Usr 0 00:00:00, Sys 0 00:00:00  -  Run Local Usage
		Usr 0 00:07:38, Sys 0 00:00:12  -  Total Remote Usage
		Usr 0 00:00:00, Sys 0 00:00:00  -  Total Local Usage
	10180  -  Run Bytes Sent By Job
	578  -  Run Bytes Received By Job
	10180  -  Total Bytes Sent By Job
	578  -  Total Bytes Received By Job
	Partitionable Resources :    Usage  Request Allocated 
	   Cpus                 :     1.13        1         1 
	   Disk (KB)            :    29    15728640  17021333 
	   Memory (MB)          :  1344        2048      2048 
...
