000 (156980.015.000) 10/26 14:30:56 Job submitted from host: <193.109.174.82:9618?addrs=193.109.174.82-9618&noUDP&sock=2085880_c32d_3>
...
001 (156980.015.000) 10/26 14:33:08 Job executing on host: <192.168.101.199:9618?addrs=192.168.101.199-9618&noUDP&sock=6459_ea4d_3>
...
006 (156980.015.000) 10/26 14:33:16 Image size of job updated: 61740
	44  -  MemoryUsage of job (MB)
	44228  -  ResidentSetSize of job (KB)
...
006 (156980.015.000) 10/26 14:38:16 Image size of job updated: 1473528
	1378  -  MemoryUsage of job (MB)
	1410300  -  ResidentSetSize of job (KB)
...
006 (156980.015.000) 10/26 14:43:17 Image size of job updated: 1473904
	1378  -  MemoryUsage of job (MB)
	1410676  -  ResidentSetSize of job (KB)
...
005 (156980.015.000) 10/26 14:43:30 Job terminated.
	(1) Normal termination (return value 0)
		Usr 0 00:11:23, Sys 0 00:00:11  -  Run Remote Usage
		Usr 0 00:00:00, Sys 0 00:00:00  -  Run Local Usage
		Usr 0 00:11:23, Sys 0 00:00:11  -  Total Remote Usage
		Usr 0 00:00:00, Sys 0 00:00:00  -  Total Local Usage
	11253  -  Run Bytes Sent By Job
	578  -  Run Bytes Received By Job
	11253  -  Total Bytes Sent By Job
	578  -  Total Bytes Received By Job
	Partitionable Resources :    Usage  Request Allocated 
	   Cpus                 :     1.16        1         1 
	   Disk (KB)            :    29    15728640  16657625 
	   Memory (MB)          :  1378        2048      2048 
...
