000 (156980.016.000) 10/26 14:30:56 Job submitted from host: <193.109.174.82:9618?addrs=193.109.174.82-9618&noUDP&sock=2085880_c32d_3>
...
001 (156980.016.000) 10/26 14:33:08 Job executing on host: <192.168.101.162:9618?addrs=192.168.101.162-9618&noUDP&sock=6338_eb57_3>
...
006 (156980.016.000) 10/26 14:33:17 Image size of job updated: 67036
	48  -  MemoryUsage of job (MB)
	48524  -  ResidentSetSize of job (KB)
...
006 (156980.016.000) 10/26 14:38:18 Image size of job updated: 1483496
	1387  -  MemoryUsage of job (MB)
	1420264  -  ResidentSetSize of job (KB)
...
006 (156980.016.000) 10/26 14:43:19 Image size of job updated: 1484952
	1389  -  MemoryUsage of job (MB)
	1421720  -  ResidentSetSize of job (KB)
...
005 (156980.016.000) 10/26 14:43:44 Job terminated.
	(1) Normal termination (return value 0)
		Usr 0 00:11:18, Sys 0 00:00:23  -  Run Remote Usage
		Usr 0 00:00:00, Sys 0 00:00:00  -  Run Local Usage
		Usr 0 00:11:18, Sys 0 00:00:23  -  Total Remote Usage
		Usr 0 00:00:00, Sys 0 00:00:00  -  Total Local Usage
	11367  -  Run Bytes Sent By Job
	578  -  Run Bytes Received By Job
	11367  -  Total Bytes Sent By Job
	578  -  Total Bytes Received By Job
	Partitionable Resources :    Usage  Request Allocated 
	   Cpus                 :     1.15        1         1 
	   Disk (KB)            :    29    15728640  16593180 
	   Memory (MB)          :  1389        2048      2048 
...
