000 (156981.002.000) 10/26 15:31:26 Job submitted from host: <193.109.174.82:9618?addrs=193.109.174.82-9618&noUDP&sock=2085880_c32d_3>
...
001 (156981.002.000) 10/26 15:32:18 Job executing on host: <192.168.100.18:9618?addrs=192.168.100.18-9618+[2001-67c-1148-301--216]-9618&noUDP&sock=2190_bc7f_3>
...
006 (156981.002.000) 10/26 15:32:26 Image size of job updated: 56616
	39  -  MemoryUsage of job (MB)
	39908  -  ResidentSetSize of job (KB)
...
006 (156981.002.000) 10/26 15:37:26 Image size of job updated: 1445516
	1350  -  MemoryUsage of job (MB)
	1382100  -  ResidentSetSize of job (KB)
...
006 (156981.002.000) 10/26 15:42:27 Image size of job updated: 1457968
	1362  -  MemoryUsage of job (MB)
	1394552  -  ResidentSetSize of job (KB)
...
006 (156981.002.000) 10/26 15:47:28 Image size of job updated: 1481532
	1385  -  MemoryUsage of job (MB)
	1418116  -  ResidentSetSize of job (KB)
...
005 (156981.002.000) 10/26 15:50:44 Job terminated.
	(1) Normal termination (return value 0)
		Usr 0 00:25:49, Sys 0 00:01:03  -  Run Remote Usage
		Usr 0 00:00:00, Sys 0 00:00:00  -  Run Local Usage
		Usr 0 00:25:49, Sys 0 00:01:03  -  Total Remote Usage
		Usr 0 00:00:00, Sys 0 00:00:00  -  Total Local Usage
	8203  -  Run Bytes Sent By Job
	578  -  Run Bytes Received By Job
	8203  -  Total Bytes Sent By Job
	578  -  Total Bytes Received By Job
	Partitionable Resources :    Usage  Request Allocated 
	   Cpus                 :     1.51        1         1 
	   Disk (KB)            :    26    15728640  16177456 
	   Memory (MB)          :  1385        2048      2048 
...
