000 (156980.002.000) 10/26 14:30:56 Job submitted from host: <193.109.174.82:9618?addrs=193.109.174.82-9618&noUDP&sock=2085880_c32d_3>
...
001 (156980.002.000) 10/26 14:31:14 Job executing on host: <192.168.100.64:33850?addrs=192.168.100.64-33850+[2001-67c-1148-301--262]-33850>
...
006 (156980.002.000) 10/26 14:31:22 Image size of job updated: 4596
	4  -  MemoryUsage of job (MB)
	3444  -  ResidentSetSize of job (KB)
...
006 (156980.002.000) 10/26 14:36:22 Image size of job updated: 1448500
	1353  -  MemoryUsage of job (MB)
	1385076  -  ResidentSetSize of job (KB)
...
006 (156980.002.000) 10/26 14:41:23 Image size of job updated: 1459472
	1364  -  MemoryUsage of job (MB)
	1396048  -  ResidentSetSize of job (KB)
...
006 (156980.002.000) 10/26 14:46:23 Image size of job updated: 1483628
	1380  -  MemoryUsage of job (MB)
	1413072  -  ResidentSetSize of job (KB)
...
006 (156980.002.000) 10/26 14:47:35 Image size of job updated: 1750508
	1380  -  MemoryUsage of job (MB)
	1413072  -  ResidentSetSize of job (KB)
...
005 (156980.002.000) 10/26 14:47:35 Job terminated.
	(1) Normal termination (return value 0)
		Usr 0 00:18:55, Sys 0 00:01:01  -  Run Remote Usage
		Usr 0 00:00:00, Sys 0 00:00:00  -  Run Local Usage
		Usr 0 00:18:55, Sys 0 00:01:01  -  Total Remote Usage
		Usr 0 00:00:00, Sys 0 00:00:00  -  Total Local Usage
	8417  -  Run Bytes Sent By Job
	578  -  Run Bytes Received By Job
	8417  -  Total Bytes Sent By Job
	578  -  Total Bytes Received By Job
	Partitionable Resources :    Usage  Request Allocated 
	   Cpus                 :     1.10        1         1 
	   Disk (KB)            :    26    15728640  21461080 
	   Memory (MB)          :  1380        2048      2048 
...
