000 (156980.006.000) 10/26 14:30:56 Job submitted from host: <193.109.174.82:9618?addrs=193.109.174.82-9618&noUDP&sock=2085880_c32d_3>
...
001 (156980.006.000) 10/26 14:31:30 Job executing on host: <192.168.100.185:9618?addrs=192.168.100.185-9618+[2001-67c-1148-301--85]-9618&noUDP&sock=8712_492d_3>
...
006 (156980.006.000) 10/26 14:31:39 Image size of job updated: 34640
	21  -  MemoryUsage of job (MB)
	21004  -  ResidentSetSize of job (KB)
...
006 (156980.006.000) 10/26 14:36:39 Image size of job updated: 1444220
	1349  -  MemoryUsage of job (MB)
	1380976  -  ResidentSetSize of job (KB)
...
006 (156980.006.000) 10/26 14:41:39 Image size of job updated: 1451804
	1357  -  MemoryUsage of job (MB)
	1388560  -  ResidentSetSize of job (KB)
...
006 (156980.006.000) 10/26 14:43:58 Image size of job updated: 1725484
	1357  -  MemoryUsage of job (MB)
	1388560  -  ResidentSetSize of job (KB)
...
005 (156980.006.000) 10/26 14:43:58 Job terminated.
	(1) Normal termination (return value 0)
		Usr 0 00:13:35, Sys 0 00:00:26  -  Run Remote Usage
		Usr 0 00:00:00, Sys 0 00:00:00  -  Run Local Usage
		Usr 0 00:13:35, Sys 0 00:00:26  -  Total Remote Usage
		Usr 0 00:00:00, Sys 0 00:00:00  -  Total Local Usage
	6924  -  Run Bytes Sent By Job
	578  -  Run Bytes Received By Job
	6924  -  Total Bytes Sent By Job
	578  -  Total Bytes Received By Job
	Partitionable Resources :    Usage  Request Allocated 
	   Cpus                 :     0.94        1         1 
	   Disk (KB)            :    25    15728640  16717824 
	   Memory (MB)          :  1357        2048      2048 
...
