000 (156981.015.000) 10/26 15:31:26 Job submitted from host: <193.109.174.82:9618?addrs=193.109.174.82-9618&noUDP&sock=2085880_c32d_3>
...
001 (156981.015.000) 10/26 15:35:08 Job executing on host: <192.168.100.77:45027?addrs=192.168.100.77-45027+[2001-67c-1148-301--275]-45027>
...
006 (156981.015.000) 10/26 15:35:17 Image size of job updated: 54328
	44  -  MemoryUsage of job (MB)
	44980  -  ResidentSetSize of job (KB)
...
006 (156981.015.000) 10/26 15:40:18 Image size of job updated: 1440856
	1371  -  MemoryUsage of job (MB)
	1403544  -  ResidentSetSize of job (KB)
...
006 (156981.015.000) 10/26 15:41:57 Image size of job updated: 1598180
	1371  -  MemoryUsage of job (MB)
	1403544  -  ResidentSetSize of job (KB)
...
005 (156981.015.000) 10/26 15:41:57 Job terminated.
	(1) Normal termination (return value 0)
		Usr 0 00:06:49, Sys 0 00:00:09  -  Run Remote Usage
		Usr 0 00:00:00, Sys 0 00:00:00  -  Run Local Usage
		Usr 0 00:06:49, Sys 0 00:00:09  -  Total Remote Usage
		Usr 0 00:00:00, Sys 0 00:00:00  -  Total Local Usage
	11266  -  Run Bytes Sent By Job
	578  -  Run Bytes Received By Job
	11266  -  Total Bytes Sent By Job
	578  -  Total Bytes Received By Job
	Partitionable Resources :    Usage  Request Allocated 
	   Cpus                 :     1.11        1         1 
	   Disk (KB)            :    29    15728640  21395120 
	   Memory (MB)          :  1371        2048      2048 
...
