000 (156980.009.000) 10/26 14:30:56 Job submitted from host: <193.109.174.82:9618?addrs=193.109.174.82-9618&noUDP&sock=2085880_c32d_3>
...
001 (156980.009.000) 10/26 14:31:30 Job executing on host: <192.168.100.188:9618?addrs=192.168.100.188-9618+[2001-67c-1148-301--88]-9618&noUDP&sock=9843_0eca_3>
...
006 (156980.009.000) 10/26 14:31:39 Image size of job updated: 41432
	26  -  MemoryUsage of job (MB)
	26036  -  ResidentSetSize of job (KB)
...
006 (156980.009.000) 10/26 14:36:40 Image size of job updated: 1443116
	1348  -  MemoryUsage of job (MB)
	1379696  -  ResidentSetSize of job (KB)
...
006 (156980.009.000) 10/26 14:41:40 Image size of job updated: 1451372
	1356  -  MemoryUsage of job (MB)
	1387952  -  ResidentSetSize of job (KB)
...
006 (156980.009.000) 10/26 14:41:55 Image size of job updated: 1455684
	1356  -  MemoryUsage of job (MB)
	1387952  -  ResidentSetSize of job (KB)
...
005 (156980.009.000) 10/26 14:41:55 Job terminated.
	(1) Normal termination (return value 0)
		Usr 0 00:12:00, Sys 0 00:00:24  -  Run Remote Usage
		Usr 0 00:00:00, Sys 0 00:00:00  -  Run Local Usage
		Usr 0 00:12:00, Sys 0 00:00:24  -  Total Remote Usage
		Usr 0 00:00:00, Sys 0 00:00:00  -  Total Local Usage
	7872  -  Run Bytes Sent By Job
	578  -  Run Bytes Received By Job
	7872  -  Total Bytes Sent By Job
	578  -  Total Bytes Received By Job
	Partitionable Resources :    Usage  Request Allocated 
	   Cpus                 :     1.50        1         1 
	   Disk (KB)            :    26    15728640  16935172 
	   Memory (MB)          :  1356        2048      2048 
...
