000 (156979.000.000) 10/26 14:20:04 Job submitted from host: <193.109.174.82:9618?addrs=193.109.174.82-9618&noUDP&sock=2085880_c32d_3>
...
001 (156979.000.000) 10/26 14:20:11 Job executing on host: <192.168.100.58:35782?addrs=192.168.100.58-35782+[2001-67c-1148-301--256]-35782>
...
006 (156979.000.000) 10/26 14:20:20 Image size of job updated: 62300
	44  -  MemoryUsage of job (MB)
	44592  -  ResidentSetSize of job (KB)
...
006 (156979.000.000) 10/26 14:21:22 Image size of job updated: 486888
	44  -  MemoryUsage of job (MB)
	44592  -  ResidentSetSize of job (KB)
...
005 (156979.000.000) 10/26 14:21:22 Job terminated.
	(1) Normal termination (return value 0)
		Usr 0 00:00:38, Sys 0 00:00:08  -  Run Remote Usage
		Usr 0 00:00:00, Sys 0 00:00:00  -  Run Local Usage
		Usr 0 00:00:38, Sys 0 00:00:08  -  Total Remote Usage
		Usr 0 00:00:00, Sys 0 00:00:00  -  Total Local Usage
	2134  -  Run Bytes Sent By Job
	578  -  Run Bytes Received By Job
	2134  -  Total Bytes Sent By Job
	578  -  Total Bytes Received By Job
	Partitionable Resources :    Usage  Request Allocated 
	   Cpus                 :        0        1         1 
	   Disk (KB)            :       20 15728640  21412349 
	   Memory (MB)          :       44     2048      2048 
...
