000 (156981.003.000) 10/26 15:31:26 Job submitted from host: <193.109.174.82:9618?addrs=193.109.174.82-9618&noUDP&sock=2085880_c32d_3>
...
001 (156981.003.000) 10/26 15:32:18 Job executing on host: <192.168.101.61:41878?addrs=192.168.101.61-41878+[2001-67c-1148-301--287]-41878>
...
006 (156981.003.000) 10/26 15:32:26 Image size of job updated: 56580
	39  -  MemoryUsage of job (MB)
	39876  -  ResidentSetSize of job (KB)
...
006 (156981.003.000) 10/26 15:37:26 Image size of job updated: 1446308
	1351  -  MemoryUsage of job (MB)
	1382896  -  ResidentSetSize of job (KB)
...
006 (156981.003.000) 10/26 15:42:27 Image size of job updated: 1455004
	1359  -  MemoryUsage of job (MB)
	1391592  -  ResidentSetSize of job (KB)
...
006 (156981.003.000) 10/26 15:43:35 Image size of job updated: 1725804
	1359  -  MemoryUsage of job (MB)
	1391592  -  ResidentSetSize of job (KB)
...
005 (156981.003.000) 10/26 15:43:35 Job terminated.
	(1) Normal termination (return value 0)
		Usr 0 00:14:34, Sys 0 00:00:38  -  Run Remote Usage
		Usr 0 00:00:00, Sys 0 00:00:00  -  Run Local Usage
		Usr 0 00:14:34, Sys 0 00:00:38  -  Total Remote Usage
		Usr 0 00:00:00, Sys 0 00:00:00  -  Total Local Usage
	7031  -  Run Bytes Sent By Job
	578  -  Run Bytes Received By Job
	7031  -  Total Bytes Sent By Job
	578  -  Total Bytes Received By Job
	Partitionable Resources :    Usage  Request Allocated 
	   Cpus                 :     1.42        1         1 
	   Disk (KB)            :    25    15728640  21445771 
	   Memory (MB)          :  1359        2048      2048 
...
