000 (156981.006.000) 10/26 15:31:26 Job submitted from host: <193.109.174.82:9618?addrs=193.109.174.82-9618&noUDP&sock=2085880_c32d_3>
...
001 (156981.006.000) 10/26 15:32:43 Job executing on host: <192.168.101.51:9618?addrs=192.168.101.51-9618+[2001-67c-1148-301--525]-9618&noUDP&sock=6173_be37_3>
...
006 (156981.006.000) 10/26 15:32:52 Image size of job updated: 70676
	51  -  MemoryUsage of job (MB)
	51504  -  ResidentSetSize of job (KB)
...
006 (156981.006.000) 10/26 15:37:53 Image size of job updated: 1446976
	1352  -  MemoryUsage of job (MB)
	1383740  -  ResidentSetSize of job (KB)
...
006 (156981.006.000) 10/26 15:42:54 Image size of job updated: 1456656
	1361  -  MemoryUsage of job (MB)
	1393420  -  ResidentSetSize of job (KB)
...
006 (156981.006.000) 10/26 15:47:03 Image size of job updated: 1717904
	1361  -  MemoryUsage of job (MB)
	1393420  -  ResidentSetSize of job (KB)
...
005 (156981.006.000) 10/26 15:47:03 Job terminated.
	(1) Normal termination (return value 0)
		Usr 0 00:13:59, Sys 0 00:00:23  -  Run Remote Usage
		Usr 0 00:00:00, Sys 0 00:00:00  -  Run Local Usage
		Usr 0 00:13:59, Sys 0 00:00:23  -  Total Remote Usage
		Usr 0 00:00:00, Sys 0 00:00:00  -  Total Local Usage
	8604  -  Run Bytes Sent By Job
	578  -  Run Bytes Received By Job
	8604  -  Total Bytes Sent By Job
	578  -  Total Bytes Received By Job
	Partitionable Resources :    Usage  Request Allocated 
	   Cpus                 :     1.20        1         1 
	   Disk (KB)            :    27    15728640  16614771 
	   Memory (MB)          :  1361        2048      2048 
...
