000 (156981.009.000) 10/26 15:31:26 Job submitted from host: <193.109.174.82:9618?addrs=193.109.174.82-9618&noUDP&sock=2085880_c32d_3>
...
001 (156981.009.000) 10/26 15:33:31 Job executing on host: <192.168.101.162:9618?addrs=192.168.101.162-9618&noUDP&sock=6338_eb57_3>
...
006 (156981.009.000) 10/26 15:33:40 Image size of job updated: 59880
	50  -  MemoryUsage of job (MB)
	50832  -  ResidentSetSize of job (KB)
...
006 (156981.009.000) 10/26 15:38:41 Image size of job updated: 1402464
	1335  -  MemoryUsage of job (MB)
	1366344  -  ResidentSetSize of job (KB)
...
006 (156981.009.000) 10/26 15:43:41 Image size of job updated: 1407668
	1340  -  MemoryUsage of job (MB)
	1371548  -  ResidentSetSize of job (KB)
...
006 (156981.009.000) 10/26 15:48:41 Image size of job updated: 1408940
	1341  -  MemoryUsage of job (MB)
	1372808  -  ResidentSetSize of job (KB)
...
006 (156981.009.000) 10/26 15:53:42 Image size of job updated: 1419092
	1351  -  MemoryUsage of job (MB)
	1383396  -  ResidentSetSize of job (KB)
...
006 (156981.009.000) 10/26 15:58:43 Image size of job updated: 1421900
	1354  -  MemoryUsage of job (MB)
	1386252  -  ResidentSetSize of job (KB)
...
006 (156981.009.000) 10/26 15:59:42 Image size of job updated: 2782160
	1354  -  MemoryUsage of job (MB)
	1386252  -  ResidentSetSize of job (KB)
...
005 (156981.009.000) 10/26 15:59:42 Job terminated.
	(1) Normal termination (return value 0)
		Usr 0 00:28:45, Sys 0 00:00:49  -  Run Remote Usage
		Usr 0 00:00:00, Sys 0 00:00:00  -  Run Local Usage
		Usr 0 00:28:45, Sys 0 00:00:49  -  Total Remote Usage
		Usr 0 00:00:00, Sys 0 00:00:00  -  Total Local Usage
	12000  -  Run Bytes Sent By Job
	578  -  Run Bytes Received By Job
	12000  -  Total Bytes Sent By Job
	578  -  Total Bytes Received By Job
	Partitionable Resources :    Usage  Request Allocated 
	   Cpus                 :     1.36        1         1 
	   Disk (KB)            :    30    15728640  16593180 
	   Memory (MB)          :  1354        2048      2048 
...
