000 (156977.000.000) 10/26 14:12:18 Job submitted from host: <193.109.174.82:9618?addrs=193.109.174.82-9618&noUDP&sock=2085880_c32d_3>
...
001 (156977.000.000) 10/26 14:12:33 Job executing on host: <192.168.100.204:9618?addrs=192.168.100.204-9618+[2001-67c-1148-301--104]-9618&noUDP&sock=2100_00f9_3>
...
006 (156977.000.000) 10/26 14:12:34 Image size of job updated: 1
	0  -  MemoryUsage of job (MB)
	0  -  ResidentSetSize of job (KB)
...
005 (156977.000.000) 10/26 14:12:34 Job terminated.
	(1) Normal termination (return value 1)
		Usr 0 00:00:00, Sys 0 00:00:00  -  Run Remote Usage
		Usr 0 00:00:00, Sys 0 00:00:00  -  Run Local Usage
		Usr 0 00:00:00, Sys 0 00:00:00  -  Total Remote Usage
		Usr 0 00:00:00, Sys 0 00:00:00  -  Total Local Usage
	223  -  Run Bytes Sent By Job
	523  -  Run Bytes Received By Job
	223  -  Total Bytes Sent By Job
	523  -  Total Bytes Received By Job
	Partitionable Resources :    Usage  Request Allocated 
	   Cpus                 :                 1         1 
	   Disk (KB)            :       12 15728640  17070146 
	   Memory (MB)          :        0     2048      2048 
...
