000 (156980.013.000) 10/26 14:30:56 Job submitted from host: <193.109.174.82:9618?addrs=193.109.174.82-9618&noUDP&sock=2085880_c32d_3>
...
001 (156980.013.000) 10/26 14:32:20 Job executing on host: <192.168.101.193:9618?addrs=192.168.101.193-9618&noUDP&sock=6847_0d0c_3>
...
006 (156980.013.000) 10/26 14:32:28 Image size of job updated: 26872
	20  -  MemoryUsage of job (MB)
	20228  -  ResidentSetSize of job (KB)
...
006 (156980.013.000) 10/26 14:37:28 Image size of job updated: 1411324
	1344  -  MemoryUsage of job (MB)
	1375324  -  ResidentSetSize of job (KB)
...
005 (156980.013.000) 10/26 14:38:41 Job terminated.
	(1) Normal termination (return value 0)
		Usr 0 00:06:21, Sys 0 00:00:12  -  Run Remote Usage
		Usr 0 00:00:00, Sys 0 00:00:00  -  Run Local Usage
		Usr 0 00:06:21, Sys 0 00:00:12  -  Total Remote Usage
		Usr 0 00:00:00, Sys 0 00:00:00  -  Total Local Usage
	7007  -  Run Bytes Sent By Job
	578  -  Run Bytes Received By Job
	7007  -  Total Bytes Sent By Job
	578  -  Total Bytes Received By Job
	Partitionable Resources :    Usage  Request Allocated 
	   Cpus                 :     1.11        1         1 
	   Disk (KB)            :    25    15728640  16490305 
	   Memory (MB)          :  1344        2048      2048 
...
