000 (156980.004.000) 10/26 14:30:56 Job submitted from host: <193.109.174.82:9618?addrs=193.109.174.82-9618&noUDP&sock=2085880_c32d_3>
...
001 (156980.004.000) 10/26 14:31:06 Job executing on host: <192.168.100.152:9618?addrs=192.168.100.152-9618+[2001-67c-1148-301--68]-9618&noUDP&sock=2139_c12a_3>
...
006 (156980.004.000) 10/26 14:31:15 Image size of job updated: 55812
	45  -  MemoryUsage of job (MB)
	45384  -  ResidentSetSize of job (KB)
...
006 (156980.004.000) 10/26 14:36:16 Image size of job updated: 1414224
	1353  -  MemoryUsage of job (MB)
	1384780  -  ResidentSetSize of job (KB)
...
006 (156980.004.000) 10/26 14:41:17 Image size of job updated: 1422376
	1361  -  MemoryUsage of job (MB)
	1392916  -  ResidentSetSize of job (KB)
...
005 (156980.004.000) 10/26 14:43:25 Job terminated.
	(1) Normal termination (return value 0)
		Usr 0 00:14:12, Sys 0 00:00:28  -  Run Remote Usage
		Usr 0 00:00:00, Sys 0 00:00:00  -  Run Local Usage
		Usr 0 00:14:12, Sys 0 00:00:28  -  Total Remote Usage
		Usr 0 00:00:00, Sys 0 00:00:00  -  Total Local Usage
	7809  -  Run Bytes Sent By Job
	578  -  Run Bytes Received By Job
	7809  -  Total Bytes Sent By Job
	578  -  Total Bytes Received By Job
	Partitionable Resources :    Usage  Request Allocated 
	   Cpus                 :     1.26        1         1 
	   Disk (KB)            :    26    15728640  16950678 
	   Memory (MB)          :  1361        2048      2048 
...
