000 (156981.012.000) 10/26 15:31:26 Job submitted from host: <193.109.174.82:9618?addrs=193.109.174.82-9618&noUDP&sock=2085880_c32d_3>
...
001 (156981.012.000) 10/26 15:34:20 Job executing on host: <192.168.101.202:9618?addrs=192.168.101.202-9618&noUDP&sock=808968_56e3_3>
...
006 (156981.012.000) 10/26 15:34:29 Image size of job updated: 62968
	45  -  MemoryUsage of job (MB)
	45416  -  ResidentSetSize of job (KB)
...
006 (156981.012.000) 10/26 15:39:30 Image size of job updated: 1441920
	1347  -  MemoryUsage of job (MB)
	1378700  -  ResidentSetSize of job (KB)
...
006 (156981.012.000) 10/26 15:44:30 Image size of job updated: 1442976
	1348  -  MemoryUsage of job (MB)
	1379756  -  ResidentSetSize of job (KB)
...
006 (156981.012.000) 10/26 15:45:35 Image size of job updated: 1710344
	1348  -  MemoryUsage of job (MB)
	1379760  -  ResidentSetSize of job (KB)
...
005 (156981.012.000) 10/26 15:45:35 Job terminated.
	(1) Normal termination (return value 0)
		Usr 0 00:12:57, Sys 0 00:00:20  -  Run Remote Usage
		Usr 0 00:00:00, Sys 0 00:00:00  -  Run Local Usage
		Usr 0 00:12:57, Sys 0 00:00:20  -  Total Remote Usage
		Usr 0 00:00:00, Sys 0 00:00:00  -  Total Local Usage
	11055  -  Run Bytes Sent By Job
	578  -  Run Bytes Received By Job
	11055  -  Total Bytes Sent By Job
	578  -  Total Bytes Received By Job
	Partitionable Resources :    Usage  Request Allocated 
	   Cpus                 :     1.24        1         1 
	   Disk (KB)            :    28    15728640  16634883 
	   Memory (MB)          :  1348        2048      2048 
...
