000 (156981.016.000) 10/26 15:31:26 Job submitted from host: <193.109.174.82:9618?addrs=193.109.174.82-9618&noUDP&sock=2085880_c32d_3>
...
001 (156981.016.000) 10/26 15:35:08 Job executing on host: <192.168.100.77:45027?addrs=192.168.100.77-45027+[2001-67c-1148-301--275]-45027>
...
006 (156981.016.000) 10/26 15:35:17 Image size of job updated: 47116
	39  -  MemoryUsage of job (MB)
	39304  -  ResidentSetSize of job (KB)
...
006 (156981.016.000) 10/26 15:40:17 Image size of job updated: 1466188
	1407  -  MemoryUsage of job (MB)
	1440084  -  ResidentSetSize of job (KB)
...
005 (156981.016.000) 10/26 15:41:41 Job terminated.
	(1) Normal termination (return value 0)
		Usr 0 00:06:28, Sys 0 00:00:08  -  Run Remote Usage
		Usr 0 00:00:00, Sys 0 00:00:00  -  Run Local Usage
		Usr 0 00:06:28, Sys 0 00:00:08  -  Total Remote Usage
		Usr 0 00:00:00, Sys 0 00:00:00  -  Total Local Usage
	11208  -  Run Bytes Sent By Job
	578  -  Run Bytes Received By Job
	11208  -  Total Bytes Sent By Job
	578  -  Total Bytes Received By Job
	Partitionable Resources :    Usage  Request Allocated 
	   Cpus                 :     1.09        1         1 
	   Disk (KB)            :    29    15728640  21395120 
	   Memory (MB)          :  1407        2048      2048 
...
