000 (156980.005.000) 10/26 14:30:56 Job submitted from host: <193.109.174.82:9618?addrs=193.109.174.82-9618&noUDP&sock=2085880_c32d_3>
...
001 (156980.005.000) 10/26 14:31:06 Job executing on host: <192.168.100.152:9618?addrs=192.168.100.152-9618+[2001-67c-1148-301--68]-9618&noUDP&sock=2139_c12a_3>
...
006 (156980.005.000) 10/26 14:31:15 Image size of job updated: 52592
	45  -  MemoryUsage of job (MB)
	45460  -  ResidentSetSize of job (KB)
...
006 (156980.005.000) 10/26 14:36:16 Image size of job updated: 1409628
	1344  -  MemoryUsage of job (MB)
	1375804  -  ResidentSetSize of job (KB)
...
006 (156980.005.000) 10/26 14:41:16 Image size of job updated: 1417540
	1352  -  MemoryUsage of job (MB)
	1383716  -  ResidentSetSize of job (KB)
...
006 (156980.005.000) 10/26 14:45:05 Image size of job updated: 1689060
	1352  -  MemoryUsage of job (MB)
	1383716  -  ResidentSetSize of job (KB)
...
005 (156980.005.000) 10/26 14:45:05 Job terminated.
	(1) Normal termination (return value 0)
		Usr 0 00:17:03, Sys 0 00:00:31  -  Run Remote Usage
		Usr 0 00:00:00, Sys 0 00:00:00  -  Run Local Usage
		Usr 0 00:17:03, Sys 0 00:00:31  -  Total Remote Usage
		Usr 0 00:00:00, Sys 0 00:00:00  -  Total Local Usage
	7249  -  Run Bytes Sent By Job
	578  -  Run Bytes Received By Job
	7249  -  Total Bytes Sent By Job
	578  -  Total Bytes Received By Job
	Partitionable Resources :    Usage  Request Allocated 
	   Cpus                 :     1.32        1         1 
	   Disk (KB)            :    25    15728640  16950678 
	   Memory (MB)          :  1352        2048      2048 
...
