000 (156978.000.000) 10/26 14:14:50 Job submitted from host: <193.109.174.82:9618?addrs=193.109.174.82-9618&noUDP&sock=2085880_c32d_3>
...
001 (156978.000.000) 10/26 14:14:57 Job executing on host: <192.168.100.24:9618?addrs=192.168.100.24-9618&noUDP&sock=1898_72d7_3>
...
006 (156978.000.000) 10/26 14:15:06 Image size of job updated: 50468
	35  -  MemoryUsage of job (MB)
	34844  -  ResidentSetSize of job (KB)
...
006 (156978.000.000) 10/26 14:20:07 Image size of job updated: 1451356
	1356  -  MemoryUsage of job (MB)
	1387940  -  ResidentSetSize of job (KB)
...
006 (156978.000.000) 10/26 14:25:08 Image size of job updated: 1459032
	1363  -  MemoryUsage of job (MB)
	1395616  -  ResidentSetSize of job (KB)
...
006 (156978.000.000) 10/26 14:29:53 Image size of job updated: 2800096
	1363  -  MemoryUsage of job (MB)
	1395616  -  ResidentSetSize of job (KB)
...
005 (156978.000.000) 10/26 14:29:53 Job terminated.
	(1) Normal termination (return value 0)
		Usr 0 00:16:20, Sys 0 00:00:30  -  Run Remote Usage
		Usr 0 00:00:00, Sys 0 00:00:00  -  Run Local Usage
		Usr 0 00:16:20, Sys 0 00:00:30  -  Total Remote Usage
		Usr 0 00:00:00, Sys 0 00:00:00  -  Total Local Usage
	10088  -  Run Bytes Sent By Job
	545  -  Run Bytes Received By Job
	10088  -  Total Bytes Sent By Job
	545  -  Total Bytes Received By Job
	Partitionable Resources :    Usage  Request Allocated 
	   Cpus                 :     1.18        1         1 
	   Disk (KB)            :    28    15728640  15949937 
	   Memory (MB)          :  1363        2048      2048 
...
