000 (156980.000.000) 10/26 14:30:56 Job submitted from host: <193.109.174.82:9618?addrs=193.109.174.82-9618&noUDP&sock=2085880_c32d_3>
...
001 (156980.000.000) 10/26 14:31:11 Job executing on host: <192.168.100.60:41643?addrs=192.168.100.60-41643+[2001-67c-1148-301--258]-41643>
...
006 (156980.000.000) 10/26 14:31:19 Image size of job updated: 4584
	4  -  MemoryUsage of job (MB)
	3432  -  ResidentSetSize of job (KB)
...
006 (156980.000.000) 10/26 14:36:19 Image size of job updated: 1437080
	1342  -  MemoryUsage of job (MB)
	1373680  -  ResidentSetSize of job (KB)
...
006 (156980.000.000) 10/26 14:41:20 Image size of job updated: 1452704
	1357  -  MemoryUsage of job (MB)
	1389304  -  ResidentSetSize of job (KB)
...
006 (156980.000.000) 10/26 14:46:21 Image size of job updated: 1466408
	1371  -  MemoryUsage of job (MB)
	1403008  -  ResidentSetSize of job (KB)
...
006 (156980.000.000) 10/26 14:51:21 Image size of job updated: 1470808
	1375  -  MemoryUsage of job (MB)
	1407408  -  ResidentSetSize of job (KB)
...
006 (156980.000.000) 10/26 14:56:21 Image size of job updated: 1511860
	1415  -  MemoryUsage of job (MB)
	1448460  -  ResidentSetSize of job (KB)
...
006 (156980.000.000) 10/26 15:01:22 Image size of job updated: 1520688
	1424  -  MemoryUsage of job (MB)
	1457288  -  ResidentSetSize of job (KB)
...
006 (156980.000.000) 10/26 15:06:22 Image size of job updated: 1529564
	1432  -  MemoryUsage of job (MB)
	1466164  -  ResidentSetSize of job (KB)
...
006 (156980.000.000) 10/26 15:11:22 Image size of job updated: 1570552
	1472  -  MemoryUsage of job (MB)
	1507152  -  ResidentSetSize of job (KB)
...
006 (156980.000.000) 10/26 15:13:59 Image size of job updated: 1845960
	1472  -  MemoryUsage of job (MB)
	1507152  -  ResidentSetSize of job (KB)
...
005 (156980.000.000) 10/26 15:13:59 Job terminated.
	(1) Normal termination (return value 0)
		Usr 0 00:54:46, Sys 0 00:03:07  -  Run Remote Usage
		Usr 0 00:00:00, Sys 0 00:00:00  -  Run Local Usage
		Usr 0 00:54:46, Sys 0 00:03:07  -  Total Remote Usage
		Usr 0 00:00:00, Sys 0 00:00:00  -  Total Local Usage
	10356  -  Run Bytes Sent By Job
	578  -  Run Bytes Received By Job
	10356  -  Total Bytes Sent By Job
	578  -  Total Bytes Received By Job
	Partitionable Resources :    Usage  Request Allocated 
	   Cpus                 :     1.50        1         1 
	   Disk (KB)            :    28    15728640  21406175 
	   Memory (MB)          :  1472        2048      2048 
...
