000 (156981.004.000) 10/26 15:31:26 Job submitted from host: <193.109.174.82:9618?addrs=193.109.174.82-9618&noUDP&sock=2085880_c32d_3>
...
001 (156981.004.000) 10/26 15:32:18 Job executing on host: <192.168.100.206:9618?addrs=192.168.100.206-9618+[2001-67c-1148-301--106]-9618&noUDP&sock=2146_8e54_3>
...
006 (156981.004.000) 10/26 15:32:26 Image size of job updated: 57044
	40  -  MemoryUsage of job (MB)
	40300  -  ResidentSetSize of job (KB)
...
006 (156981.004.000) 10/26 15:37:26 Image size of job updated: 1438392
	1343  -  MemoryUsage of job (MB)
	1374968  -  ResidentSetSize of job (KB)
...
006 (156981.004.000) 10/26 15:42:27 Image size of job updated: 1446856
	1352  -  MemoryUsage of job (MB)
	1383432  -  ResidentSetSize of job (KB)
...
006 (156981.004.000) 10/26 15:47:00 Image size of job updated: 2801864
	1352  -  MemoryUsage of job (MB)
	1383432  -  ResidentSetSize of job (KB)
...
005 (156981.004.000) 10/26 15:47:00 Job terminated.
	(1) Normal termination (return value 0)
		Usr 0 00:18:21, Sys 0 00:00:40  -  Run Remote Usage
		Usr 0 00:00:00, Sys 0 00:00:00  -  Run Local Usage
		Usr 0 00:18:21, Sys 0 00:00:40  -  Total Remote Usage
		Usr 0 00:00:00, Sys 0 00:00:00  -  Total Local Usage
	8126  -  Run Bytes Sent By Job
	578  -  Run Bytes Received By Job
	8126  -  Total Bytes Sent By Job
	578  -  Total Bytes Received By Job
	Partitionable Resources :    Usage  Request Allocated 
	   Cpus                 :     1.26        1         1 
	   Disk (KB)            :    26    15728640  16966340 
	   Memory (MB)          :  1352        2048      2048 
...
