000 (156980.012.000) 10/26 14:30:56 Job submitted from host: <193.109.174.82:9618?addrs=193.109.174.82-9618&noUDP&sock=2085880_c32d_3>
...
001 (156980.012.000) 10/26 14:32:20 Job executing on host: <192.168.101.193:9618?addrs=192.168.101.193-9618&noUDP&sock=6847_0d0c_3>
...
006 (156980.012.000) 10/26 14:32:28 Image size of job updated: 26696
	21  -  MemoryUsage of job (MB)
	20496  -  ResidentSetSize of job (KB)
...
006 (156980.012.000) 10/26 14:37:28 Image size of job updated: 1394340
	1335  -  MemoryUsage of job (MB)
	1366908  -  ResidentSetSize of job (KB)
...
006 (156980.012.000) 10/26 14:42:28 Image size of job updated: 1395744
	1337  -  MemoryUsage of job (MB)
	1368312  -  ResidentSetSize of job (KB)
...
006 (156980.012.000) 10/26 14:42:38 Image size of job updated: 2785356
	1337  -  MemoryUsage of job (MB)
	1368312  -  ResidentSetSize of job (KB)
...
005 (156980.012.000) 10/26 14:42:38 Job terminated.
	(1) Normal termination (return value 0)
		Usr 0 00:11:15, Sys 0 00:00:16  -  Run Remote Usage
		Usr 0 00:00:00, Sys 0 00:00:00  -  Run Local Usage
		Usr 0 00:11:15, Sys 0 00:00:16  -  Total Remote Usage
		Usr 0 00:00:00, Sys 0 00:00:00  -  Total Local Usage
	10396  -  Run Bytes Sent By Job
	578  -  Run Bytes Received By Job
	10396  -  Total Bytes Sent By Job
	578  -  Total Bytes Received By Job
	Partitionable Resources :    Usage  Request Allocated 
	   Cpus                 :     1.24        1         1 
	   Disk (KB)            :    28    15728640  16490305 
	   Memory (MB)          :  1337        2048      2048 
...
