000 (156981.005.000) 10/26 15:31:26 Job submitted from host: <193.109.174.82:9618?addrs=193.109.174.82-9618&noUDP&sock=2085880_c32d_3>
...
001 (156981.005.000) 10/26 15:32:18 Job executing on host: <192.168.101.199:9618?addrs=192.168.101.199-9618&noUDP&sock=6459_ea4d_3>
...
006 (156981.005.000) 10/26 15:32:26 Image size of job updated: 42016
	27  -  MemoryUsage of job (MB)
	26816  -  ResidentSetSize of job (KB)
...
006 (156981.005.000) 10/26 15:37:26 Image size of job updated: 1452776
	1357  -  MemoryUsage of job (MB)
	1389556  -  ResidentSetSize of job (KB)
...
006 (156981.005.000) 10/26 15:42:27 Image size of job updated: 1460848
	1365  -  MemoryUsage of job (MB)
	1397628  -  ResidentSetSize of job (KB)
...
006 (156981.005.000) 10/26 15:45:30 Image size of job updated: 1720548
	1365  -  MemoryUsage of job (MB)
	1397628  -  ResidentSetSize of job (KB)
...
005 (156981.005.000) 10/26 15:45:30 Job terminated.
	(1) Normal termination (return value 0)
		Usr 0 00:18:27, Sys 0 00:00:34  -  Run Remote Usage
		Usr 0 00:00:00, Sys 0 00:00:00  -  Run Local Usage
		Usr 0 00:18:27, Sys 0 00:00:34  -  Total Remote Usage
		Usr 0 00:00:00, Sys 0 00:00:00  -  Total Local Usage
	7033  -  Run Bytes Sent By Job
	578  -  Run Bytes Received By Job
	7033  -  Total Bytes Sent By Job
	578  -  Total Bytes Received By Job
	Partitionable Resources :    Usage  Request Allocated 
	   Cpus                 :     1.44        1         1 
	   Disk (KB)            :    25    15728640  16657625 
	   Memory (MB)          :  1365        2048      2048 
...
