000 (156981.014.000) 10/26 15:31:26 Job submitted from host: <193.109.174.82:9618?addrs=193.109.174.82-9618&noUDP&sock=2085880_c32d_3>
...
001 (156981.014.000) 10/26 15:34:44 Job executing on host: <192.168.100.134:9618?addrs=192.168.100.134-9618+[2001-67c-1148-301--50]-9618&noUDP&sock=2142_cff3_3>
...
006 (156981.014.000) 10/26 15:34:53 Image size of job updated: 115472
	113  -  MemoryUsage of job (MB)
	115472  -  ResidentSetSize of job (KB)
...
006 (156981.014.000) 10/26 15:39:54 Image size of job updated: 1382460
	1351  -  MemoryUsage of job (MB)
	1382460  -  ResidentSetSize of job (KB)
...
006 (156981.014.000) 10/26 15:44:24 Image size of job updated: 1657452
	1351  -  MemoryUsage of job (MB)
	1382460  -  ResidentSetSize of job (KB)
...
005 (156981.014.000) 10/26 15:44:24 Job terminated.
	(1) Normal termination (return value 0)
		Usr 0 00:09:38, Sys 0 00:00:10  -  Run Remote Usage
		Usr 0 00:00:00, Sys 0 00:00:00  -  Run Local Usage
		Usr 0 00:09:38, Sys 0 00:00:10  -  Total Remote Usage
		Usr 0 00:00:00, Sys 0 00:00:00  -  Total Local Usage
	11484  -  Run Bytes Sent By Job
	578  -  Run Bytes Received By Job
	11484  -  Total Bytes Sent By Job
	578  -  Total Bytes Received By Job
	Partitionable Resources :    Usage  Request Allocated 
	   Cpus                 :     0.96        1         1 
	   Disk (KB)            :    30    15728640  16953770 
	   Memory (MB)          :  1351        2048      2048 
...
